
2022/11/06 (18:59:53) | ===> btop++ v.1.2.12
2022/11/06 (18:59:53) | WARNING: No UTF-8 locale detected! Some symbols might not display correctly.

2022/11/06 (19:26:48) | ===> btop++ v.1.2.12
2022/11/06 (19:26:48) | WARNING: No UTF-8 locale detected! Some symbols might not display correctly.

2022/11/06 (20:12:38) | ===> btop++ v.1.2.12
2022/11/06 (20:12:38) | WARNING: No UTF-8 locale detected! Some symbols might not display correctly.

2022/11/06 (20:13:31) | ===> btop++ v.1.2.12
2022/11/06 (20:13:31) | WARNING: No UTF-8 locale detected! Some symbols might not display correctly.

2022/11/06 (20:13:56) | ===> btop++ v.1.2.12
2022/11/06 (20:13:56) | WARNING: No UTF-8 locale detected! Some symbols might not display correctly.

2022/11/06 (20:14:27) | ===> btop++ v.1.2.12
2022/11/06 (20:14:27) | WARNING: No UTF-8 locale detected! Some symbols might not display correctly.

2022/11/06 (20:14:49) | ===> btop++ v.1.2.12
2022/11/06 (20:14:49) | WARNING: No UTF-8 locale detected! Some symbols might not display correctly.

2022/11/11 (20:37:32) | ===> btop++ v.1.2.13
2022/11/11 (20:37:32) | WARNING: No UTF-8 locale detected! Some symbols might not display correctly.

2022/11/17 (17:29:17) | ===> btop++ v.1.2.13
2022/11/17 (17:29:17) | WARNING: No UTF-8 locale detected! Some symbols might not display correctly.

2022/11/24 (20:59:37) | ===> btop++ v.1.2.13
2022/11/24 (20:59:37) | WARNING: No UTF-8 locale detected! Some symbols might not display correctly.
2022/11/25 (20:32:13) | ERROR: Stall in Runner thread, restarting!
2022/11/25 (20:32:34) | ERROR: Stall in Runner thread, restarting!

2022/12/27 (10:46:07) | ===> btop++ v.1.2.13
2022/12/27 (10:46:07) | WARNING: No UTF-8 locale detected! Some symbols might not display correctly.

2022/12/27 (10:48:13) | ===> btop++ v.1.2.13
2022/12/27 (10:48:13) | WARNING: No UTF-8 locale detected! Some symbols might not display correctly.

2023/01/12 (14:20:12) | ===> btop++ v.1.2.13
2023/01/12 (14:20:12) | WARNING: No UTF-8 locale detected! Some symbols might not display correctly.

2023/02/07 (20:33:04) | ===> btop++ v.1.2.13
2023/02/07 (20:33:04) | WARNING: No UTF-8 locale detected! Some symbols might not display correctly.

2023/02/27 (21:25:46) | ===> btop++ v.1.2.13
2023/02/27 (21:25:46) | WARNING: No UTF-8 locale detected! Some symbols might not display correctly.

2023/02/27 (21:27:03) | ===> btop++ v.1.2.13
2023/02/27 (21:27:03) | WARNING: No UTF-8 locale detected! Some symbols might not display correctly.

2023/02/28 (18:33:40) | ===> btop++ v.1.2.13
2023/02/28 (18:33:40) | WARNING: No UTF-8 locale detected! Some symbols might not display correctly.

2023/03/05 (18:12:49) | ===> btop++ v.1.2.13
2023/03/05 (18:12:49) | WARNING: No UTF-8 locale detected! Some symbols might not display correctly.

2023/03/07 (21:02:48) | ===> btop++ v.1.2.13
2023/03/07 (21:02:48) | WARNING: No UTF-8 locale detected! Some symbols might not display correctly.

2023/03/11 (12:05:21) | ===> btop++ v.1.2.13
2023/03/11 (12:05:21) | WARNING: No UTF-8 locale detected! Some symbols might not display correctly.

2023/03/11 (12:05:24) | ===> btop++ v.1.2.13
2023/03/11 (12:05:24) | WARNING: No UTF-8 locale detected! Some symbols might not display correctly.

2023/03/11 (12:07:08) | ===> btop++ v.1.2.13
2023/03/11 (12:07:08) | WARNING: No UTF-8 locale detected! Some symbols might not display correctly.
2023/03/11 (12:07:08) | ERROR: Invalid RGB decimal value: "&quot;#1a1b26&quot;"
2023/03/11 (12:07:08) | ERROR: Invalid RGB decimal value: "&quot;#cfc9c2&quot;"
2023/03/11 (12:07:08) | ERROR: Invalid RGB decimal value: "&quot;#565f89&quot;"
2023/03/11 (12:07:08) | ERROR: Invalid RGB decimal value: "&quot;#9ece6a&quot;"
2023/03/11 (12:07:08) | ERROR: Invalid RGB decimal value: "&quot;#565f89&quot;"
2023/03/11 (12:07:08) | ERROR: Invalid RGB decimal value: "&quot;#9ece6a&quot;"
2023/03/11 (12:07:08) | ERROR: Invalid RGB decimal value: "&quot;#565f89&quot;"
2023/03/11 (12:07:08) | ERROR: Invalid RGB decimal value: "&quot;#e0af68&quot;"
2023/03/11 (12:07:08) | ERROR: Invalid RGB decimal value: "&quot;#e0af68&quot;"
2023/03/11 (12:07:08) | ERROR: Invalid RGB decimal value: "&quot;#7dcfff&quot;"
2023/03/11 (12:07:08) | ERROR: Invalid RGB decimal value: "&quot;#f7768e&quot;"
2023/03/11 (12:07:08) | ERROR: Invalid RGB decimal value: "&quot;#e0af68&quot;"
2023/03/11 (12:07:08) | ERROR: Invalid RGB decimal value: "&quot;#cfc9c2&quot;"
2023/03/11 (12:07:08) | ERROR: Invalid RGB decimal value: "&quot;#414868&quot;"
2023/03/11 (12:07:08) | ERROR: Invalid RGB decimal value: "&quot;#f7768e&quot;"
2023/03/11 (12:07:08) | ERROR: Invalid RGB decimal value: "&quot;#cfc9c2&quot;"
2023/03/11 (12:07:08) | ERROR: Invalid RGB decimal value: "&quot;#565f89&quot;"
2023/03/11 (12:07:08) | ERROR: Invalid RGB decimal value: "&quot;#9ece6a&quot;"
2023/03/11 (12:07:08) | ERROR: Invalid RGB decimal value: "&quot;#f7768e&quot;"
2023/03/11 (12:07:08) | ERROR: Invalid RGB decimal value: "&quot;#f7768e&quot;"
2023/03/11 (12:07:08) | ERROR: Invalid RGB decimal value: "&quot;#7dcfff&quot;"
2023/03/11 (12:07:08) | ERROR: Invalid RGB decimal value: "&quot;#9ece6a&quot;"
2023/03/11 (12:07:08) | ERROR: Invalid RGB decimal value: "&quot;#9ece6a&quot;"
2023/03/11 (12:07:08) | ERROR: Invalid RGB decimal value: "&quot;#565f89&quot;"
2023/03/11 (12:07:08) | ERROR: Invalid RGB decimal value: "&quot;#f7768e&quot;"
2023/03/11 (12:07:08) | ERROR: Invalid RGB decimal value: "&quot;#9ece6a&quot;"
2023/03/11 (12:07:08) | ERROR: Invalid RGB decimal value: "&quot;#565f89&quot;"
2023/03/11 (12:07:08) | ERROR: Invalid RGB decimal value: "&quot;#e0af68&quot;"
2023/03/11 (12:07:08) | ERROR: Invalid RGB decimal value: "&quot;#f7768e&quot;"
2023/03/11 (12:07:08) | ERROR: Invalid RGB decimal value: "&quot;#e0af68&quot;"
2023/03/11 (12:07:08) | ERROR: Invalid RGB decimal value: "&quot;#e0af68&quot;"
2023/03/11 (12:07:08) | ERROR: Invalid RGB decimal value: "&quot;#f7768e&quot;"
2023/03/11 (12:07:08) | ERROR: Invalid RGB decimal value: "&quot;#e0af68&quot;"
2023/03/11 (12:07:08) | ERROR: Invalid RGB decimal value: "&quot;#9ece6a&quot;"
2023/03/11 (12:07:08) | ERROR: Invalid RGB decimal value: "&quot;#9ece6a&quot;"
2023/03/11 (12:07:08) | ERROR: Invalid RGB decimal value: "&quot;#f7768e&quot;"
2023/03/11 (12:07:08) | ERROR: Invalid RGB decimal value: "&quot;#e0af68&quot;"

2023/03/11 (12:07:26) | ===> btop++ v.1.2.13
2023/03/11 (12:07:26) | WARNING: No UTF-8 locale detected! Some symbols might not display correctly.

2023/03/16 (20:00:59) | ===> btop++ v.1.2.13
2023/03/16 (20:00:59) | WARNING: No UTF-8 locale detected! Some symbols might not display correctly.

2023/03/25 (12:12:26) | ===> btop++ v.1.2.13
2023/03/25 (12:12:26) | WARNING: No UTF-8 locale detected! Some symbols might not display correctly.
2023/03/25 (19:16:25) | ERROR: Stall in Runner thread, restarting!
2023/03/25 (19:16:41) | ERROR: Stall in Runner thread, restarting!
2023/03/25 (19:16:51) | ERROR: Stall in Runner thread, restarting!
2023/03/25 (19:17:26) | ERROR: Stall in Runner thread, restarting!
2023/03/25 (19:17:38) | ERROR: Stall in Runner thread, restarting!
2023/03/25 (19:18:09) | ERROR: Stall in Runner thread, restarting!
2023/03/25 (19:18:17) | ERROR: Stall in Runner thread, restarting!
2023/03/25 (19:18:27) | ERROR: Stall in Runner thread, restarting!
2023/03/25 (19:18:36) | ERROR: Stall in Runner thread, restarting!
2023/03/25 (19:18:58) | ERROR: Stall in Runner thread, restarting!
2023/03/25 (19:19:07) | ERROR: Stall in Runner thread, restarting!

2023/03/31 (22:40:58) | ===> btop++ v.1.2.13
2023/03/31 (22:40:58) | WARNING: No UTF-8 locale detected! Some symbols might not display correctly.

2023/04/18 (20:48:41) | ===> btop++ v.1.2.13
2023/04/18 (20:48:41) | WARNING: No UTF-8 locale detected! Some symbols might not display correctly.

2023/04/21 (12:07:34) | ===> btop++ v.1.2.13
2023/04/21 (12:07:34) | WARNING: No UTF-8 locale detected! Some symbols might not display correctly.

2023/04/24 (20:20:49) | ===> btop++ v.1.2.13
2023/04/24 (20:20:49) | WARNING: No UTF-8 locale detected! Some symbols might not display correctly.

2023/05/18 (20:35:08) | ===> btop++ v.1.2.13
2023/05/18 (20:35:08) | WARNING: No UTF-8 locale detected! Some symbols might not display correctly.

2023/05/27 (22:03:59) | ===> btop++ v.1.2.13
2023/05/27 (22:03:59) | WARNING: No UTF-8 locale detected! Some symbols might not display correctly.

2023/05/31 (11:42:31) | ===> btop++ v.1.2.13
2023/05/31 (11:42:31) | WARNING: No UTF-8 locale detected! Some symbols might not display correctly.

2023/06/05 (12:32:21) | ===> btop++ v.1.2.13
2023/06/05 (12:32:21) | WARNING: No UTF-8 locale detected! Some symbols might not display correctly.

2023/06/05 (18:39:29) | ===> btop++ v.1.2.13
2023/06/05 (18:39:29) | WARNING: No UTF-8 locale detected! Some symbols might not display correctly.
2023/06/05 (18:39:47) | ERROR: Stall in Runner thread, restarting!

2023/06/05 (18:40:46) | ===> btop++ v.1.2.13
2023/06/05 (18:40:46) | WARNING: No UTF-8 locale detected! Some symbols might not display correctly.

2023/09/06 (19:36:27) | ===> btop++ v.1.2.13
2023/09/06 (19:36:27) | WARNING: No UTF-8 locale detected! Some symbols might not display correctly.

2023/09/07 (13:29:13) | ===> btop++ v.1.2.13
2023/09/07 (13:29:13) | WARNING: No UTF-8 locale detected! Some symbols might not display correctly.

2023/09/11 (09:29:11) | ===> btop++ v.1.2.13
2023/09/11 (09:29:11) | WARNING: No UTF-8 locale detected! Some symbols might not display correctly.

2023/09/15 (10:50:25) | ===> btop++ v.1.2.13
2023/09/15 (10:50:25) | WARNING: No UTF-8 locale detected! Some symbols might not display correctly.

2023/09/26 (11:39:19) | ===> btop++ v.1.2.13
2023/09/26 (11:39:19) | WARNING: No UTF-8 locale detected! Some symbols might not display correctly.

2023/09/26 (11:39:38) | ===> btop++ v.1.2.13
2023/09/26 (11:39:38) | WARNING: No UTF-8 locale detected! Some symbols might not display correctly.

2023/09/26 (11:40:31) | ===> btop++ v.1.2.13
2023/09/26 (11:40:31) | WARNING: No UTF-8 locale detected! Some symbols might not display correctly.

2023/09/27 (09:12:13) | ===> btop++ v.1.2.13
2023/09/27 (09:12:13) | WARNING: No UTF-8 locale detected! Some symbols might not display correctly.

2023/09/27 (09:12:18) | ===> btop++ v.1.2.13
2023/09/27 (09:12:18) | WARNING: No UTF-8 locale detected! Some symbols might not display correctly.

2023/09/28 (08:10:14) | ===> btop++ v.1.2.13
2023/09/28 (08:10:14) | WARNING: No UTF-8 locale detected! Some symbols might not display correctly.

2023/09/29 (11:01:17) | ===> btop++ v.1.2.13
2023/09/29 (11:01:17) | WARNING: No UTF-8 locale detected! Some symbols might not display correctly.

2023/10/04 (10:14:38) | ===> btop++ v.1.2.13
2023/10/04 (10:14:38) | WARNING: No UTF-8 locale detected! Some symbols might not display correctly.

2023/10/04 (10:16:42) | ===> btop++ v.1.2.13
2023/10/04 (10:16:42) | WARNING: No UTF-8 locale detected! Some symbols might not display correctly.

2023/10/04 (10:27:10) | ===> btop++ v.1.2.13
2023/10/04 (10:27:10) | WARNING: No UTF-8 locale detected! Some symbols might not display correctly.

2023/10/10 (16:51:51) | ===> btop++ v.1.2.13
2023/10/10 (16:51:51) | WARNING: No UTF-8 locale detected! Some symbols might not display correctly.

2023/10/12 (11:21:34) | ===> btop++ v.1.2.13
2023/10/12 (11:21:34) | WARNING: No UTF-8 locale detected! Some symbols might not display correctly.

2023/10/18 (09:05:11) | ===> btop++ v.1.2.13
2023/10/18 (09:05:11) | WARNING: No UTF-8 locale detected! Some symbols might not display correctly.
2023/10/18 (09:07:04) | ERROR: Stall in Runner thread, restarting!

2023/10/18 (09:45:04) | ===> btop++ v.1.2.13
2023/10/18 (09:45:04) | WARNING: No UTF-8 locale detected! Some symbols might not display correctly.

2023/10/18 (10:14:09) | ===> btop++ v.1.2.13
2023/10/18 (10:14:09) | WARNING: No UTF-8 locale detected! Some symbols might not display correctly.

2023/10/18 (13:51:02) | ===> btop++ v.1.2.13
2023/10/18 (13:51:02) | WARNING: No UTF-8 locale detected! Some symbols might not display correctly.

2023/10/18 (13:53:45) | ===> btop++ v.1.2.13
2023/10/18 (13:53:45) | WARNING: No UTF-8 locale detected! Some symbols might not display correctly.

2023/10/19 (11:24:56) | ===> btop++ v.1.2.13
2023/10/19 (11:24:56) | WARNING: No UTF-8 locale detected! Some symbols might not display correctly.

2023/10/19 (13:45:27) | ===> btop++ v.1.2.13
2023/10/19 (13:45:27) | WARNING: No UTF-8 locale detected! Some symbols might not display correctly.
2023/10/19 (17:45:48) | ERROR: Stall in Runner thread, restarting!

2023/10/21 (23:36:26) | ===> btop++ v.1.2.13
2023/10/21 (23:36:26) | WARNING: No UTF-8 locale detected! Some symbols might not display correctly.

2023/11/04 (19:15:32) | ===> btop++ v.1.2.13
2023/11/04 (19:15:32) | WARNING: No UTF-8 locale detected! Some symbols might not display correctly.

2023/11/14 (22:07:25) | ===> btop++ v.1.2.13
2023/11/14 (22:07:25) | WARNING: No UTF-8 locale detected! Some symbols might not display correctly.

2023/11/20 (10:31:45) | ===> btop++ v.1.2.13
2023/11/20 (10:31:45) | WARNING: No UTF-8 locale detected! Some symbols might not display correctly.

2023/11/20 (10:33:31) | ===> btop++ v.1.2.13
2023/11/20 (10:33:31) | WARNING: No UTF-8 locale detected! Some symbols might not display correctly.

2023/11/20 (17:42:19) | ===> btop++ v.1.2.13
2023/11/20 (17:42:19) | WARNING: No UTF-8 locale detected! Some symbols might not display correctly.

2023/11/21 (08:47:30) | ===> btop++ v.1.2.13
2023/11/21 (08:47:30) | WARNING: No UTF-8 locale detected! Some symbols might not display correctly.

2023/11/21 (08:48:21) | ===> btop++ v.1.2.13
2023/11/21 (08:48:21) | WARNING: No UTF-8 locale detected! Some symbols might not display correctly.

2023/11/27 (16:01:20) | ===> btop++ v.1.2.13
2023/11/27 (16:01:20) | WARNING: No UTF-8 locale detected! Some symbols might not display correctly.

2023/12/01 (08:51:07) | ===> btop++ v.1.2.13
2023/12/01 (08:51:07) | WARNING: No UTF-8 locale detected! Some symbols might not display correctly.

2023/12/01 (08:54:54) | ===> btop++ v.1.2.13
2023/12/01 (08:54:54) | WARNING: No UTF-8 locale detected! Some symbols might not display correctly.

2024/01/15 (15:18:13) | ===> btop++ v.1.2.13
2024/01/15 (15:18:13) | WARNING: No UTF-8 locale detected! Some symbols might not display correctly.

2024/01/15 (19:42:16) | ===> btop++ v.1.2.13
2024/01/15 (19:42:16) | WARNING: No UTF-8 locale detected! Some symbols might not display correctly.

2024/01/16 (09:14:19) | ===> btop++ v.1.2.13
2024/01/16 (09:14:19) | WARNING: No UTF-8 locale detected! Some symbols might not display correctly.

2024/01/16 (12:52:10) | ===> btop++ v.1.2.13
2024/01/16 (12:52:10) | WARNING: No UTF-8 locale detected! Some symbols might not display correctly.

2024/01/17 (14:28:46) | ===> btop++ v.1.2.13
2024/01/17 (14:28:46) | WARNING: No UTF-8 locale detected! Some symbols might not display correctly.

2024/01/24 (11:56:03) | ===> btop++ v.1.2.13
2024/01/24 (11:56:03) | WARNING: No UTF-8 locale detected! Some symbols might not display correctly.

2024/01/25 (23:07:09) | ===> btop++ v.1.2.13
2024/01/25 (23:07:09) | WARNING: No UTF-8 locale detected! Some symbols might not display correctly.

2024/01/28 (12:04:23) | ===> btop++ v.1.2.13
2024/01/28 (12:04:23) | WARNING: No UTF-8 locale detected! Some symbols might not display correctly.

2024/02/15 (17:13:08) | ===> btop++ v.1.2.13
2024/02/15 (17:13:08) | WARNING: No UTF-8 locale detected! Some symbols might not display correctly.

2024/02/15 (17:34:31) | ===> btop++ v.1.2.13
2024/02/15 (17:34:31) | WARNING: No UTF-8 locale detected! Some symbols might not display correctly.

2024/02/22 (12:10:24) | ===> btop++ v.1.2.13
2024/02/22 (12:10:24) | WARNING: No UTF-8 locale detected! Some symbols might not display correctly.

2024/02/25 (15:14:05) | ===> btop++ v.1.3.2
2024/02/25 (15:14:05) | WARNING: Failed to set locale UTF-8 continuing anyway.

2024/02/29 (15:00:55) | ===> btop++ v.1.3.2
2024/02/29 (15:00:55) | WARNING: Failed to set locale UTF-8 continuing anyway.

2024/03/03 (19:39:06) | ===> btop++ v.1.3.2
2024/03/03 (19:39:06) | ERROR: failed getting network interfaces

2024/03/17 (16:10:52) | ===> btop++ v.1.3.2
2024/03/17 (16:10:52) | ERROR: Exception during Config::unlock() : unordered_map::at

2024/03/17 (16:10:56) | ===> btop++ v.1.3.2
2024/03/17 (16:10:56) | ERROR: Exception during Config::unlock() : unordered_map::at

2024/03/17 (16:11:50) | ===> btop++ v.1.3.2
2024/03/17 (16:11:50) | INFO: Logger set to INFO
2024/03/17 (16:14:56) | ERROR: Invalid RGB decimal value: "&quot;#f7768e&quot;"
2024/03/17 (16:14:56) | ERROR: Invalid RGB decimal value: "&quot;#e0af68&quot;"
2024/03/17 (16:14:56) | ERROR: Invalid RGB decimal value: "&quot;#9ece6a&quot;"
2024/03/17 (16:14:56) | ERROR: Invalid RGB decimal value: "&quot;#f7768e&quot;"
2024/03/17 (16:14:56) | ERROR: Invalid RGB decimal value: "&quot;#e0af68&quot;"
2024/03/17 (16:14:56) | ERROR: Invalid RGB decimal value: "&quot;#e0af68&quot;"
2024/03/17 (16:14:56) | ERROR: Invalid RGB decimal value: "&quot;#9ece6a&quot;"
2024/03/17 (16:14:56) | ERROR: Invalid RGB decimal value: "&quot;#e0af68&quot;"
2024/03/17 (16:14:56) | ERROR: Invalid RGB decimal value: "&quot;#f7768e&quot;"
2024/03/17 (16:14:56) | ERROR: Invalid RGB decimal value: "&quot;#565f89&quot;"
2024/03/17 (16:14:56) | ERROR: Invalid RGB decimal value: "&quot;#9ece6a&quot;"
2024/03/17 (16:14:56) | ERROR: Invalid RGB decimal value: "&quot;#f7768e&quot;"
2024/03/17 (16:14:56) | ERROR: Invalid RGB decimal value: "&quot;#cfc9c2&quot;"
2024/03/17 (16:14:56) | ERROR: Invalid RGB decimal value: "&quot;#9ece6a&quot;"
2024/03/17 (16:14:56) | ERROR: Invalid RGB decimal value: "&quot;#414868&quot;"
2024/03/17 (16:14:56) | ERROR: Invalid RGB decimal value: "&quot;#f7768e&quot;"
2024/03/17 (16:14:56) | ERROR: Invalid RGB decimal value: "&quot;#7dcfff&quot;"
2024/03/17 (16:14:56) | ERROR: Invalid RGB decimal value: "&quot;#cfc9c2&quot;"
2024/03/17 (16:14:56) | ERROR: Invalid RGB decimal value: "&quot;#565f89&quot;"
2024/03/17 (16:14:56) | ERROR: Invalid RGB decimal value: "&quot;#cfc9c2&quot;"
2024/03/17 (16:14:56) | ERROR: Invalid RGB decimal value: "&quot;#e0af68&quot;"
2024/03/17 (16:14:56) | ERROR: Invalid RGB decimal value: "&quot;#565f89&quot;"
2024/03/17 (16:14:56) | ERROR: Invalid RGB decimal value: "&quot;#565f89&quot;"
2024/03/17 (16:14:56) | ERROR: Invalid RGB decimal value: "&quot;#f7768e&quot;"
2024/03/17 (16:14:56) | ERROR: Invalid RGB decimal value: "&quot;#7dcfff&quot;"
2024/03/17 (16:14:56) | ERROR: Invalid RGB decimal value: "&quot;#1a1b26&quot;"
2024/03/17 (16:14:56) | ERROR: Invalid RGB decimal value: "&quot;#565f89&quot;"
2024/03/17 (16:14:56) | ERROR: Invalid RGB decimal value: "&quot;#9ece6a&quot;"
2024/03/17 (16:14:56) | ERROR: Invalid RGB decimal value: "&quot;#565f89&quot;"
2024/03/17 (16:14:56) | ERROR: Invalid RGB decimal value: "&quot;#e0af68&quot;"
2024/03/17 (16:14:56) | ERROR: Invalid RGB decimal value: "&quot;#e0af68&quot;"
2024/03/17 (16:14:56) | ERROR: Invalid RGB decimal value: "&quot;#f7768e&quot;"
2024/03/17 (16:14:56) | ERROR: Invalid RGB decimal value: "&quot;#9ece6a&quot;"
2024/03/17 (16:14:56) | ERROR: Invalid RGB decimal value: "&quot;#9ece6a&quot;"
2024/03/17 (16:14:56) | ERROR: Invalid RGB decimal value: "&quot;#e0af68&quot;"
2024/03/17 (16:14:56) | ERROR: Invalid RGB decimal value: "&quot;#f7768e&quot;"
2024/03/17 (16:14:56) | ERROR: Invalid RGB decimal value: "&quot;#9ece6a&quot;"
2024/03/17 (16:14:56) | ERROR: Invalid RGB decimal value: "&quot;#f7768e&quot;"
2024/03/17 (16:14:56) | ERROR: Invalid RGB decimal value: "&quot;#e0af68&quot;"
2024/03/17 (16:14:56) | ERROR: Invalid RGB decimal value: "&quot;#9ece6a&quot;"
2024/03/17 (16:14:56) | ERROR: Invalid RGB decimal value: "&quot;#f7768e&quot;"
2024/03/17 (16:14:56) | ERROR: Invalid RGB decimal value: "&quot;#e0af68&quot;"
2024/03/17 (16:14:56) | ERROR: Invalid RGB decimal value: "&quot;#e0af68&quot;"
2024/03/17 (16:14:56) | ERROR: Invalid RGB decimal value: "&quot;#9ece6a&quot;"
2024/03/17 (16:14:56) | ERROR: Invalid RGB decimal value: "&quot;#e0af68&quot;"
2024/03/17 (16:14:56) | ERROR: Invalid RGB decimal value: "&quot;#f7768e&quot;"
2024/03/17 (16:14:56) | ERROR: Invalid RGB decimal value: "&quot;#565f89&quot;"
2024/03/17 (16:14:56) | ERROR: Invalid RGB decimal value: "&quot;#9ece6a&quot;"
2024/03/17 (16:14:56) | ERROR: Invalid RGB decimal value: "&quot;#f7768e&quot;"
2024/03/17 (16:14:56) | ERROR: Invalid RGB decimal value: "&quot;#cfc9c2&quot;"
2024/03/17 (16:14:56) | ERROR: Invalid RGB decimal value: "&quot;#9ece6a&quot;"
2024/03/17 (16:14:56) | ERROR: Invalid RGB decimal value: "&quot;#414868&quot;"
2024/03/17 (16:14:56) | ERROR: Invalid RGB decimal value: "&quot;#f7768e&quot;"
2024/03/17 (16:14:56) | ERROR: Invalid RGB decimal value: "&quot;#7dcfff&quot;"
2024/03/17 (16:14:56) | ERROR: Invalid RGB decimal value: "&quot;#cfc9c2&quot;"
2024/03/17 (16:14:56) | ERROR: Invalid RGB decimal value: "&quot;#565f89&quot;"
2024/03/17 (16:14:56) | ERROR: Invalid RGB decimal value: "&quot;#cfc9c2&quot;"
2024/03/17 (16:14:56) | ERROR: Invalid RGB decimal value: "&quot;#e0af68&quot;"
2024/03/17 (16:14:56) | ERROR: Invalid RGB decimal value: "&quot;#565f89&quot;"
2024/03/17 (16:14:56) | ERROR: Invalid RGB decimal value: "&quot;#565f89&quot;"
2024/03/17 (16:14:56) | ERROR: Invalid RGB decimal value: "&quot;#f7768e&quot;"
2024/03/17 (16:14:56) | ERROR: Invalid RGB decimal value: "&quot;#7dcfff&quot;"
2024/03/17 (16:14:56) | ERROR: Invalid RGB decimal value: "&quot;#1a1b26&quot;"
2024/03/17 (16:14:56) | ERROR: Invalid RGB decimal value: "&quot;#565f89&quot;"
2024/03/17 (16:14:56) | ERROR: Invalid RGB decimal value: "&quot;#9ece6a&quot;"
2024/03/17 (16:14:56) | ERROR: Invalid RGB decimal value: "&quot;#565f89&quot;"
2024/03/17 (16:14:56) | ERROR: Invalid RGB decimal value: "&quot;#e0af68&quot;"
2024/03/17 (16:14:56) | ERROR: Invalid RGB decimal value: "&quot;#e0af68&quot;"
2024/03/17 (16:14:56) | ERROR: Invalid RGB decimal value: "&quot;#f7768e&quot;"
2024/03/17 (16:14:56) | ERROR: Invalid RGB decimal value: "&quot;#9ece6a&quot;"
2024/03/17 (16:14:56) | ERROR: Invalid RGB decimal value: "&quot;#9ece6a&quot;"
2024/03/17 (16:14:56) | ERROR: Invalid RGB decimal value: "&quot;#e0af68&quot;"
2024/03/17 (16:14:56) | ERROR: Invalid RGB decimal value: "&quot;#f7768e&quot;"
2024/03/17 (16:14:56) | ERROR: Invalid RGB decimal value: "&quot;#9ece6a&quot;"

2024/03/25 (23:08:05) | ===> btop++ v.1.3.2
2024/03/25 (23:08:05) | ERROR: Exception during Config::unlock() : unordered_map::at
